<?xml version="1.0" encoding="UTF-8"?>
<!-- Generated by org.testng.reporters.JUnitReportReporter -->
<testsuite hostname="DELL" failures="0" tests="2" name="testclass.signIn_test" time="20.928" errors="0" timestamp="2023-12-27T19:24:19 IST" skipped="0">
  <testcase classname="testclass.signIn_test" name="verifytest" time="17.056"/>
  <testcase classname="testclass.signIn_test" name="verifyproduct" time="3.872"/>
</testsuite> <!-- testclass.signIn_test -->
