<?xml version="1.0" encoding="UTF-8"?>
<!-- Generated by org.testng.reporters.JUnitReportReporter -->
<testsuite hostname="DELL" failures="0" tests="1" name="com.utility.BaseClass" time="25.802" errors="0" timestamp="2023-12-24T19:36:29 IST" skipped="0">
  <testcase classname="com.utility.BaseClass" name="setup" time="25.802"/>
</testsuite> <!-- com.utility.BaseClass -->
